# JRE version: OpenJDK Runtime Environment (8.0_152-b06) (build 1.8.0_152-release-1136-b06)
# Java VM: OpenJDK 64-Bit Server VM (25.152-b06 mixed mode bsd-amd64 compressed oops)
Heap:
 PSYoungGen      total 429056K, used 21424K [0x00000007a0000000, 0x00000007bd000000, 0x00000007c0000000)
  eden space 389120K, 0% used [0x00000007a0000000,0x00000007a0000000,0x00000007b7c00000)
  from space 39936K, 53% used [0x00000007ba900000,0x00000007bbdec2b8,0x00000007bd000000)
  to   space 43008K, 0% used [0x00000007b7c00000,0x00000007b7c00000,0x00000007ba600000)
 ParOldGen       total 142848K, used 88628K [0x0000000760000000, 0x0000000768b80000, 0x00000007a0000000)
  object space 142848K, 62% used [0x0000000760000000,0x000000076568d348,0x0000000768b80000)
 Metaspace       used 93863K, capacity 98228K, committed 98304K, reserved 1134592K
  class space    used 11820K, capacity 12760K, committed 12800K, reserved 1048576K
GC Heap History (10 events):
Event: 10562.574 GC heap after
Heap after GC invocations=29 (full 3):
 PSYoungGen      total 343552K, used 24310K [0x00000007a0000000, 0x00000007b7800000, 0x00000007c0000000)
  eden space 306176K, 0% used [0x00000007a0000000,0x00000007a0000000,0x00000007b2b00000)
  from space 37376K, 65% used [0x00000007b4f80000,0x00000007b673d848,0x00000007b7400000)
  to   space 37376K, 0% used [0x00000007b2b00000,0x00000007b2b00000,0x00000007b4f80000)
 ParOldGen       total 142848K, used 60037K [0x0000000760000000, 0x0000000768b80000, 0x00000007a0000000)
  object space 142848K, 42% used [0x0000000760000000,0x0000000763aa15e8,0x0000000768b80000)
 Metaspace       used 92308K, capacity 96426K, committed 96512K, reserved 1132544K
  class space    used 11627K, capacity 12511K, committed 12544K, reserved 1048576K
}
Event: 10564.325 GC heap before
{Heap before GC invocations=30 (full 3):
 PSYoungGen      total 343552K, used 330486K [0x00000007a0000000, 0x00000007b7800000, 0x00000007c0000000)
  eden space 306176K, 100% used [0x00000007a0000000,0x00000007b2b00000,0x00000007b2b00000)
  from space 37376K, 65% used [0x00000007b4f80000,0x00000007b673d848,0x00000007b7400000)
  to   space 37376K, 0% used [0x00000007b2b00000,0x00000007b2b00000,0x00000007b4f80000)
 ParOldGen       total 142848K, used 60037K [0x0000000760000000, 0x0000000768b80000, 0x00000007a0000000)
  object space 142848K, 42% used [0x0000000760000000,0x0000000763aa15e8,0x0000000768b80000)
 Metaspace       used 92347K, capacity 96490K, committed 96768K, reserved 1134592K
  class space    used 11627K, capacity 12511K, committed 12544K, reserved 1048576K
Event: 10564.382 GC heap after
Heap after GC invocations=30 (full 3):
 PSYoungGen      total 343552K, used 23175K [0x00000007a0000000, 0x00000007b9800000, 0x00000007c0000000)
  eden space 306176K, 0% used [0x00000007a0000000,0x00000007a0000000,0x00000007b2b00000)
  from space 37376K, 62% used [0x00000007b2b00000,0x00000007b41a1e78,0x00000007b4f80000)
  to   space 36352K, 0% used [0x00000007b7480000,0x00000007b7480000,0x00000007b9800000)
 ParOldGen       total 142848K, used 62538K [0x0000000760000000, 0x0000000768b80000, 0x00000007a0000000)
  object space 142848K, 43% used [0x0000000760000000,0x0000000763d12a18,0x0000000768b80000)
 Metaspace       used 92347K, capacity 96490K, committed 96768K, reserved 1134592K
  class space    used 11627K, capacity 12511K, committed 12544K, reserved 1048576K
}
Event: 10566.122 GC heap before
{Heap before GC invocations=31 (full 3):
 PSYoungGen      total 343552K, used 329351K [0x00000007a0000000, 0x00000007b9800000, 0x00000007c0000000)
  eden space 306176K, 100% used [0x00000007a0000000,0x00000007b2b00000,0x00000007b2b00000)
  from space 37376K, 62% used [0x00000007b2b00000,0x00000007b41a1e78,0x00000007b4f80000)
  to   space 36352K, 0% used [0x00000007b7480000,0x00000007b7480000,0x00000007b9800000)
 ParOldGen       total 142848K, used 62538K [0x0000000760000000, 0x0000000768b80000, 0x00000007a0000000)
  object space 142848K, 43% used [0x0000000760000000,0x0000000763d12a18,0x0000000768b80000)
 Metaspace       used 92483K, capacity 96694K, committed 96768K, reserved 1134592K
  class space    used 11641K, capacity 12525K, committed 12544K, reserved 1048576K
Event: 10566.186 GC heap after
Heap after GC invocations=31 (full 3):
 PSYoungGen      total 382464K, used 17821K [0x00000007a0000000, 0x00000007b9800000, 0x00000007c0000000)
  eden space 346112K, 0% used [0x00000007a0000000,0x00000007a0000000,0x00000007b5200000)
  from space 36352K, 49% used [0x00000007b7480000,0x00000007b85e7758,0x00000007b9800000)
  to   space 35328K, 0% used [0x00000007b5200000,0x00000007b5200000,0x00000007b7480000)
 ParOldGen       total 142848K, used 65059K [0x0000000760000000, 0x0000000768b80000, 0x00000007a0000000)
  object space 142848K, 45% used [0x0000000760000000,0x0000000763f88dd0,0x0000000768b80000)
 Metaspace       used 92483K, capacity 96694K, committed 96768K, reserved 1134592K
  class space    used 11641K, capacity 12525K, committed 12544K, reserved 1048576K
}
Event: 10571.305 GC heap before
{Heap before GC invocations=32 (full 3):
 PSYoungGen      total 382464K, used 362401K [0x00000007a0000000, 0x00000007b9800000, 0x00000007c0000000)
  eden space 346112K, 99% used [0x00000007a0000000,0x00000007b5080ce8,0x00000007b5200000)
  from space 36352K, 49% used [0x00000007b7480000,0x00000007b85e7758,0x00000007b9800000)
  to   space 35328K, 0% used [0x00000007b5200000,0x00000007b5200000,0x00000007b7480000)
 ParOldGen       total 142848K, used 65059K [0x0000000760000000, 0x0000000768b80000, 0x00000007a0000000)
  object space 142848K, 45% used [0x0000000760000000,0x0000000763f88dd0,0x0000000768b80000)
 Metaspace       used 93071K, capacity 97310K, committed 97408K, reserved 1134592K
  class space    used 11694K, capacity 12581K, committed 12672K, reserved 1048576K
Event: 10571.424 GC heap after
Heap after GC invocations=32 (full 3):
 PSYoungGen      total 381440K, used 35320K [0x00000007a0000000, 0x00000007bd480000, 0x00000007c0000000)
  eden space 346112K, 0% used [0x00000007a0000000,0x00000007a0000000,0x00000007b5200000)
  from space 35328K, 99% used [0x00000007b5200000,0x00000007b747e3b0,0x00000007b7480000)
  to   space 44544K, 0% used [0x00000007ba900000,0x00000007ba900000,0x00000007bd480000)
 ParOldGen       total 142848K, used 78930K [0x0000000760000000, 0x0000000768b80000, 0x00000007a0000000)
  object space 142848K, 55% used [0x0000000760000000,0x0000000764d14b70,0x0000000768b80000)
 Metaspace       used 93071K, capacity 97310K, committed 97408K, reserved 1134592K
  class space    used 11694K, capacity 12581K, committed 12672K, reserved 1048576K
}
Event: 10575.956 GC heap before
{Heap before GC invocations=33 (full 3):
 PSYoungGen      total 381440K, used 363240K [0x00000007a0000000, 0x00000007bd480000, 0x00000007c0000000)
  eden space 346112K, 94% used [0x00000007a0000000,0x00000007b403bd48,0x00000007b5200000)
  from space 35328K, 99% used [0x00000007b5200000,0x00000007b747e3b0,0x00000007b7480000)
  to   space 44544K, 0% used [0x00000007ba900000,0x00000007ba900000,0x00000007bd480000)
 ParOldGen       total 142848K, used 78930K [0x0000000760000000, 0x0000000768b80000, 0x00000007a0000000)
  object space 142848K, 55% used [0x0000000760000000,0x0000000764d14b70,0x0000000768b80000)
 Metaspace       used 93863K, capacity 98228K, committed 98304K, reserved 1134592K
  class space    used 11820K, capacity 12760K, committed 12800K, reserved 1048576K
Event: 10576.052 GC heap after
Heap after GC invocations=33 (full 3):
 PSYoungGen      total 429056K, used 21424K [0x00000007a0000000, 0x00000007bd000000, 0x00000007c0000000)
  eden space 389120K, 0% used [0x00000007a0000000,0x00000007a0000000,0x00000007b7c00000)
  from space 39936K, 53% used [0x00000007ba900000,0x00000007bbdec2b8,0x00000007bd000000)
  to   space 43008K, 0% used [0x00000007b7c00000,0x00000007b7c00000,0x00000007ba600000)
 ParOldGen       total 142848K, used 88628K [0x0000000760000000, 0x0000000768b80000, 0x00000007a0000000)
  object space 142848K, 62% used [0x0000000760000000,0x000000076568d348,0x0000000768b80000)
 Metaspace       used 93863K, capacity 98228K, committed 98304K, reserved 1134592K
  class space    used 11820K, capacity 12760K, committed 12800K, reserved 1048576K
}
Event: 10576.052 GC heap before
{Heap before GC invocations=34 (full 4):
 PSYoungGen      total 429056K, used 21424K [0x00000007a0000000, 0x00000007bd000000, 0x00000007c0000000)
  eden space 389120K, 0% used [0x00000007a0000000,0x00000007a0000000,0x00000007b7c00000)
  from space 39936K, 53% used [0x00000007ba900000,0x00000007bbdec2b8,0x00000007bd000000)
  to   space 43008K, 0% used [0x00000007b7c00000,0x00000007b7c00000,0x00000007ba600000)
 ParOldGen       total 142848K, used 88628K [0x0000000760000000, 0x0000000768b80000, 0x00000007a0000000)
  object space 142848K, 62% used [0x0000000760000000,0x000000076568d348,0x0000000768b80000)
 Metaspace       used 93863K, capacity 98228K, committed 98304K, reserved 1134592K
  class space    used 11820K, capacity 12760K, committed 12800K, reserved 1048576K

